2019-01-09 17:56:50 - [main] INFO  c.m.app.SpringBootLoggerApplication -Starting SpringBootLoggerApplication on DESKTOP-F7P8UB6 with PID 13732 (F:\bankddd\springBootLogger\target\classes started by pawan in F:\bankddd\springBootLogger)
2019-01-09 17:56:50 - [main] DEBUG c.m.app.SpringBootLoggerApplication -Running with Spring Boot v1.5.18.RELEASE, Spring v4.3.21.RELEASE
2019-01-09 17:56:50 - [main] INFO  c.m.app.SpringBootLoggerApplication -No active profile set, falling back to default profiles: default
2019-01-09 17:56:50 - [main] INFO  o.s.b.c.e.AnnotationConfigEmbeddedWebApplicationContext -Refreshing org.springframework.boot.context.embedded.AnnotationConfigEmbeddedWebApplicationContext@1b45159: startup date [Wed Jan 09 17:56:50 IST 2019]; root of context hierarchy
2019-01-09 17:56:51 - [main] INFO  o.s.b.c.e.t.TomcatEmbeddedServletContainer -Tomcat initialized with port(s): 9090 (http)
2019-01-09 17:56:51 - [main] INFO  o.a.catalina.core.StandardService -Starting service [Tomcat]
2019-01-09 17:56:51 - [main] INFO  o.a.catalina.core.StandardEngine -Starting Servlet Engine: Apache Tomcat/8.5.35
2019-01-09 17:56:51 - [localhost-startStop-1] INFO  o.a.c.c.C.[Tomcat].[localhost].[/] -Initializing Spring embedded WebApplicationContext
2019-01-09 17:56:51 - [localhost-startStop-1] INFO  o.s.web.context.ContextLoader -Root WebApplicationContext: initialization completed in 1472 ms
2019-01-09 17:56:52 - [localhost-startStop-1] INFO  o.s.b.w.s.ServletRegistrationBean -Mapping servlet: 'dispatcherServlet' to [/]
2019-01-09 17:56:52 - [localhost-startStop-1] INFO  o.s.b.w.s.FilterRegistrationBean -Mapping filter: 'characterEncodingFilter' to: [/*]
2019-01-09 17:56:52 - [localhost-startStop-1] INFO  o.s.b.w.s.FilterRegistrationBean -Mapping filter: 'hiddenHttpMethodFilter' to: [/*]
2019-01-09 17:56:52 - [localhost-startStop-1] INFO  o.s.b.w.s.FilterRegistrationBean -Mapping filter: 'httpPutFormContentFilter' to: [/*]
2019-01-09 17:56:52 - [localhost-startStop-1] INFO  o.s.b.w.s.FilterRegistrationBean -Mapping filter: 'requestContextFilter' to: [/*]
2019-01-09 17:56:52 - [main] INFO  o.s.w.s.m.m.a.RequestMappingHandlerAdapter -Looking for @ControllerAdvice: org.springframework.boot.context.embedded.AnnotationConfigEmbeddedWebApplicationContext@1b45159: startup date [Wed Jan 09 17:56:50 IST 2019]; root of context hierarchy
2019-01-09 17:56:52 - [main] INFO  o.s.w.s.m.m.a.RequestMappingHandlerMapping -Mapped "{[/error]}" onto public org.springframework.http.ResponseEntity<java.util.Map<java.lang.String, java.lang.Object>> org.springframework.boot.autoconfigure.web.BasicErrorController.error(javax.servlet.http.HttpServletRequest)
2019-01-09 17:56:52 - [main] INFO  o.s.w.s.m.m.a.RequestMappingHandlerMapping -Mapped "{[/error],produces=[text/html]}" onto public org.springframework.web.servlet.ModelAndView org.springframework.boot.autoconfigure.web.BasicErrorController.errorHtml(javax.servlet.http.HttpServletRequest,javax.servlet.http.HttpServletResponse)
2019-01-09 17:56:52 - [main] INFO  o.s.w.s.h.SimpleUrlHandlerMapping -Mapped URL path [/webjars/**] onto handler of type [class org.springframework.web.servlet.resource.ResourceHttpRequestHandler]
2019-01-09 17:56:52 - [main] INFO  o.s.w.s.h.SimpleUrlHandlerMapping -Mapped URL path [/**] onto handler of type [class org.springframework.web.servlet.resource.ResourceHttpRequestHandler]
2019-01-09 17:56:52 - [main] INFO  o.s.w.s.h.SimpleUrlHandlerMapping -Mapped URL path [/**/favicon.ico] onto handler of type [class org.springframework.web.servlet.resource.ResourceHttpRequestHandler]
2019-01-09 17:56:52 - [main] INFO  o.s.j.e.a.AnnotationMBeanExporter -Registering beans for JMX exposure on startup
2019-01-09 17:56:52 - [main] INFO  o.s.b.c.e.t.TomcatEmbeddedServletContainer -Tomcat started on port(s): 9090 (http)
2019-01-09 17:56:52 - [main] INFO  c.m.app.SpringBootLoggerApplication -Started SpringBootLoggerApplication in 2.947 seconds (JVM running for 3.7)
2019-01-09 17:56:52 - [main] ERROR c.m.app.SpringBootLoggerApplication -This  is error log
2019-01-09 17:56:52 - [main] WARN  c.m.app.SpringBootLoggerApplication -This  is warn log
2019-01-09 17:56:52 - [main] INFO  c.m.app.SpringBootLoggerApplication -This is info log
2019-01-09 17:56:52 - [main] DEBUG c.m.app.SpringBootLoggerApplication -This is debug log
